<?xml version="1.0" encoding="UTF-8"?>
<!-- Generated by org.testng.reporters.JUnitXMLReporter -->
<testsuite ignored="0" hostname="INLEN8520037407" failures="0" tests="3" name="Default test" time="0.061" errors="0" timestamp="2024-03-07T00:03:20 IST">
  <testcase classname="com.demo.test.Annotations" name="testMethod" time="0.005"/>
  <testcase classname="com.demo.test.Annotations" name="testMethod2" time="0.002"/>
  <testcase classname="com.demo.test.Annotations" name="testMethod3" time="0.001"/>
</testsuite> <!-- Default test -->
