<?xml version="1.0" encoding="UTF-8"?>
<testng-results ignored="0" total="3" passed="3" failed="0" skipped="0">
  <reporter-output>
  </reporter-output>
  <suite started-at="2024-03-07T00:03:20 IST" name="Default suite" finished-at="2024-03-07T00:03:20 IST" duration-ms="61">
    <groups>
    </groups>
    <test started-at="2024-03-07T00:03:20 IST" name="Default test" finished-at="2024-03-07T00:03:20 IST" duration-ms="61">
      <class name="com.demo.test.Annotations">
        <test-method is-config="true" signature="beforeSuite()[pri:0, instance:com.demo.test.Annotations@4a83a74a]" started-at="2024-03-07T00:03:20 IST" name="beforeSuite" finished-at="2024-03-07T00:03:20 IST" duration-ms="16" status="PASS">
          <reporter-output>
          </reporter-output>
        </test-method> <!-- beforeSuite -->
        <test-method is-config="true" signature="beforeTest()[pri:0, instance:com.demo.test.Annotations@4a83a74a]" started-at="2024-03-07T00:03:20 IST" name="beforeTest" finished-at="2024-03-07T00:03:20 IST" duration-ms="1" status="PASS">
          <reporter-output>
          </reporter-output>
        </test-method> <!-- beforeTest -->
        <test-method is-config="true" signature="beforeClass()[pri:0, instance:com.demo.test.Annotations@4a83a74a]" started-at="2024-03-07T00:03:20 IST" name="beforeClass" finished-at="2024-03-07T00:03:20 IST" duration-ms="0" status="PASS">
          <reporter-output>
          </reporter-output>
        </test-method> <!-- beforeClass -->
        <test-method is-config="true" signature="beforeMethod()[pri:0, instance:com.demo.test.Annotations@4a83a74a]" started-at="2024-03-07T00:03:20 IST" name="beforeMethod" finished-at="2024-03-07T00:03:20 IST" duration-ms="0" status="PASS">
          <reporter-output>
          </reporter-output>
        </test-method> <!-- beforeMethod -->
        <test-method signature="testMethod()[pri:0, instance:com.demo.test.Annotations@4a83a74a]" started-at="2024-03-07T00:03:20 IST" name="testMethod" finished-at="2024-03-07T00:03:20 IST" duration-ms="5" status="PASS">
          <reporter-output>
          </reporter-output>
        </test-method> <!-- testMethod -->
        <test-method is-config="true" signature="afterMethod()[pri:0, instance:com.demo.test.Annotations@4a83a74a]" started-at="2024-03-07T00:03:20 IST" name="afterMethod" finished-at="2024-03-07T00:03:20 IST" duration-ms="1" status="PASS">
          <reporter-output>
          </reporter-output>
        </test-method> <!-- afterMethod -->
        <test-method signature="testMethod2()[pri:0, instance:com.demo.test.Annotations@4a83a74a]" started-at="2024-03-07T00:03:20 IST" name="testMethod2" finished-at="2024-03-07T00:03:20 IST" duration-ms="2" status="PASS">
          <reporter-output>
          </reporter-output>
        </test-method> <!-- testMethod2 -->
        <test-method is-config="true" signature="beforeMethod()[pri:0, instance:com.demo.test.Annotations@4a83a74a]" started-at="2024-03-07T00:03:20 IST" name="beforeMethod" finished-at="2024-03-07T00:03:20 IST" duration-ms="0" status="PASS">
          <reporter-output>
          </reporter-output>
        </test-method> <!-- beforeMethod -->
        <test-method is-config="true" signature="afterMethod()[pri:0, instance:com.demo.test.Annotations@4a83a74a]" started-at="2024-03-07T00:03:20 IST" name="afterMethod" finished-at="2024-03-07T00:03:20 IST" duration-ms="1" status="PASS">
          <reporter-output>
          </reporter-output>
        </test-method> <!-- afterMethod -->
        <test-method is-config="true" signature="beforeMethod()[pri:0, instance:com.demo.test.Annotations@4a83a74a]" started-at="2024-03-07T00:03:20 IST" name="beforeMethod" finished-at="2024-03-07T00:03:20 IST" duration-ms="1" status="PASS">
          <reporter-output>
          </reporter-output>
        </test-method> <!-- beforeMethod -->
        <test-method signature="testMethod3()[pri:0, instance:com.demo.test.Annotations@4a83a74a]" started-at="2024-03-07T00:03:20 IST" name="testMethod3" finished-at="2024-03-07T00:03:20 IST" duration-ms="1" status="PASS">
          <reporter-output>
          </reporter-output>
        </test-method> <!-- testMethod3 -->
        <test-method is-config="true" signature="afterMethod()[pri:0, instance:com.demo.test.Annotations@4a83a74a]" started-at="2024-03-07T00:03:20 IST" name="afterMethod" finished-at="2024-03-07T00:03:20 IST" duration-ms="0" status="PASS">
          <reporter-output>
          </reporter-output>
        </test-method> <!-- afterMethod -->
        <test-method is-config="true" signature="afterClass()[pri:0, instance:com.demo.test.Annotations@4a83a74a]" started-at="2024-03-07T00:03:20 IST" name="afterClass" finished-at="2024-03-07T00:03:20 IST" duration-ms="0" status="PASS">
          <reporter-output>
          </reporter-output>
        </test-method> <!-- afterClass -->
        <test-method is-config="true" signature="afterTest()[pri:0, instance:com.demo.test.Annotations@4a83a74a]" started-at="2024-03-07T00:03:20 IST" name="afterTest" finished-at="2024-03-07T00:03:20 IST" duration-ms="0" status="PASS">
          <reporter-output>
          </reporter-output>
        </test-method> <!-- afterTest -->
        <test-method is-config="true" signature="afterSuite()[pri:0, instance:com.demo.test.Annotations@4a83a74a]" started-at="2024-03-07T00:03:20 IST" name="afterSuite" finished-at="2024-03-07T00:03:20 IST" duration-ms="0" status="PASS">
          <reporter-output>
          </reporter-output>
        </test-method> <!-- afterSuite -->
      </class> <!-- com.demo.test.Annotations -->
    </test> <!-- Default test -->
  </suite> <!-- Default suite -->
</testng-results>
