<?xml version="1.0" encoding="UTF-8"?>
<testng-results ignored="0" total="1" passed="1" failed="0" skipped="0">
  <reporter-output>
  </reporter-output>
  <suite started-at="2024-03-08T16:27:19 IST" name="Default suite" finished-at="2024-03-08T16:27:32 IST" duration-ms="12275">
    <groups>
    </groups>
    <test started-at="2024-03-08T16:27:19 IST" name="Default test" finished-at="2024-03-08T16:27:32 IST" duration-ms="12275">
      <class name="com.demo.test.Scenario3Test">
        <test-method is-config="true" signature="readExcelValuess()[pri:0, instance:com.demo.test.Scenario3Test@5677323c]" started-at="2024-03-08T16:27:19 IST" name="readExcelValuess" finished-at="2024-03-08T16:27:20 IST" duration-ms="889" status="PASS">
          <reporter-output>
          </reporter-output>
        </test-method> <!-- readExcelValuess -->
        <test-method signature="ExecutingTheFlow()[pri:0, instance:com.demo.test.Scenario3Test@5677323c]" started-at="2024-03-08T16:27:20 IST" name="ExecutingTheFlow" finished-at="2024-03-08T16:27:31 IST" duration-ms="10560" status="PASS">
          <reporter-output>
          </reporter-output>
        </test-method> <!-- ExecutingTheFlow -->
        <test-method is-config="true" signature="closeDriver()[pri:0, instance:com.demo.test.Scenario3Test@5677323c]" started-at="2024-03-08T16:27:31 IST" name="closeDriver" finished-at="2024-03-08T16:27:32 IST" duration-ms="742" status="PASS">
          <reporter-output>
          </reporter-output>
        </test-method> <!-- closeDriver -->
      </class> <!-- com.demo.test.Scenario3Test -->
    </test> <!-- Default test -->
  </suite> <!-- Default suite -->
</testng-results>
